<?xml version="1.0" encoding="UTF-8"?>
<!-- Generated by org.testng.reporters.JUnitReportReporter -->
<testsuite hostname="L11J19WN93" failures="0" tests="1" name="restproject.SampleTest" time="2.617" errors="0" timestamp="2022-10-28T12:46:41 IST" skipped="0">
  <testcase classname="restproject.SampleTest" name="GetBookDetailsAPI" time="2.617"/>
  <system-out/>
</testsuite> <!-- restproject.SampleTest -->
