<?xml version="1.0" encoding="UTF-8"?>
<!-- Generated by org.testng.reporters.JUnitReportReporter -->
<testsuite hostname="L11J19WN93" failures="0" tests="1" name="restproject.LocalTestAPI" time="1.850" errors="0" timestamp="2022-10-29T16:01:42 IST" skipped="0">
  <testcase classname="restproject.LocalTestAPI" name="deleteLocalAPI" time="1.850"/>
  <system-out/>
</testsuite> <!-- restproject.LocalTestAPI -->
