<?xml version="1.0" encoding="UTF-8"?>
<!-- Generated by org.testng.reporters.JUnitReportReporter -->
<testsuite hostname="L11J19WN93" failures="0" tests="2" name="restproject.UAT5PaisaAPI" time="3.043" errors="0" timestamp="2022-11-04T15:29:41 IST" skipped="0">
  <testcase classname="restproject.UAT5PaisaAPI" name="loginAPI" time="1.944"/>
  <system-out/>
  <testcase classname="restproject.UAT5PaisaAPI" name="getTradeBook" time="1.099"/>
  <system-out/>
</testsuite> <!-- restproject.UAT5PaisaAPI -->
