<?xml version="1.0" encoding="UTF-8"?>
<!-- Generated by org.testng.reporters.JUnitReportReporter -->
<testsuite hostname="L11J19WN93" failures="0" tests="1" name="restproject.Live5PiasaAPI" time="3.616" errors="0" timestamp="2022-11-01T09:45:48 IST" skipped="0">
  <testcase classname="restproject.Live5PiasaAPI" name="ClientLoginAPI" time="3.616"/>
  <system-out/>
</testsuite> <!-- restproject.Live5PiasaAPI -->
