<?xml version="1.0" encoding="UTF-8"?>
<!-- Generated by org.testng.reporters.JUnitReportReporter -->
<testsuite hostname="L11J19WN93" failures="0" tests="3" name="restproject.PutPatchDeleteExample" time="13.798" errors="0" timestamp="2022-10-28T16:14:05 IST" skipped="0">
  <testcase classname="restproject.PutPatchDeleteExample" name="deleteAPI" time="4.674"/>
  <system-out/>
  <testcase classname="restproject.PutPatchDeleteExample" name="putAPI" time="4.530"/>
  <system-out/>
  <testcase classname="restproject.PutPatchDeleteExample" name="patchAPI" time="4.594"/>
  <system-out/>
</testsuite> <!-- restproject.PutPatchDeleteExample -->
