<?xml version="1.0" encoding="UTF-8"?>
<!-- Generated by org.testng.reporters.JUnitReportReporter -->
<testsuite hostname="L11J19WN93" failures="0" tests="1" name="restproject.JSONValidationSchema" time="2.890" errors="0" timestamp="2022-10-30T15:41:12 IST" skipped="0">
  <testcase classname="restproject.JSONValidationSchema" name="jsonValidator" time="2.890"/>
  <system-out/>
</testsuite> <!-- restproject.JSONValidationSchema -->
